# JRE version: OpenJDK Runtime Environment (11.0.10) (build 11.0.10+0-b96-7249189)
# Java VM: OpenJDK 64-Bit Server VM (11.0.10+0-b96-7249189, mixed mode, tiered, compressed oops, g1 gc, windows-amd64)
Heap:
 garbage-first heap   total 613376K, used 190044K [0x0000000080000000, 0x0000000100000000)
  region size 1024K, 27 young (27648K), 27 survivors (27648K)
 Metaspace       used 106255K, capacity 108978K, committed 109140K, reserved 1144832K
  class space    used 13604K, capacity 14625K, committed 14676K, reserved 1048576K
GC Heap History (20 events):
Event: 32.328 GC heap after
{Heap after GC invocations=45 (full 0):
 garbage-first heap   total 381952K, used 159224K [0x0000000080000000, 0x0000000100000000)
  region size 1024K, 9 young (9216K), 9 survivors (9216K)
 Metaspace       used 105393K, capacity 108088K, committed 108372K, reserved 1142784K
  class space    used 13542K, capacity 14553K, committed 14676K, reserved 1048576K
}
Event: 32.630 GC heap before
{Heap before GC invocations=45 (full 0):
 garbage-first heap   total 381952K, used 317944K [0x0000000080000000, 0x0000000100000000)
  region size 1024K, 164 young (167936K), 9 survivors (9216K)
 Metaspace       used 105432K, capacity 108162K, committed 108372K, reserved 1142784K
  class space    used 13544K, capacity 14555K, committed 14676K, reserved 1048576K
}
Event: 32.646 GC heap after
{Heap after GC invocations=46 (full 0):
 garbage-first heap   total 381952K, used 160108K [0x0000000080000000, 0x0000000100000000)
  region size 1024K, 10 young (10240K), 10 survivors (10240K)
 Metaspace       used 105432K, capacity 108162K, committed 108372K, reserved 1142784K
  class space    used 13544K, capacity 14555K, committed 14676K, reserved 1048576K
}
Event: 33.012 GC heap before
{Heap before GC invocations=46 (full 0):
 garbage-first heap   total 381952K, used 319852K [0x0000000080000000, 0x0000000100000000)
  region size 1024K, 167 young (171008K), 10 survivors (10240K)
 Metaspace       used 105585K, capacity 108318K, committed 108628K, reserved 1142784K
  class space    used 13549K, capacity 14558K, committed 14676K, reserved 1048576K
}
Event: 33.031 GC heap after
{Heap after GC invocations=47 (full 0):
 garbage-first heap   total 450560K, used 161006K [0x0000000080000000, 0x0000000100000000)
  region size 1024K, 11 young (11264K), 11 survivors (11264K)
 Metaspace       used 105585K, capacity 108318K, committed 108628K, reserved 1142784K
  class space    used 13549K, capacity 14558K, committed 14676K, reserved 1048576K
}
Event: 33.551 GC heap before
{Heap before GC invocations=47 (full 0):
 garbage-first heap   total 450560K, used 373998K [0x0000000080000000, 0x0000000100000000)
  region size 1024K, 220 young (225280K), 11 survivors (11264K)
 Metaspace       used 105695K, capacity 108414K, committed 108628K, reserved 1142784K
  class space    used 13555K, capacity 14565K, committed 14676K, reserved 1048576K
}
Event: 33.571 GC heap after
{Heap after GC invocations=48 (full 0):
 garbage-first heap   total 450560K, used 166231K [0x0000000080000000, 0x0000000100000000)
  region size 1024K, 16 young (16384K), 16 survivors (16384K)
 Metaspace       used 105695K, capacity 108414K, committed 108628K, reserved 1142784K
  class space    used 13555K, capacity 14565K, committed 14676K, reserved 1048576K
}
Event: 34.067 GC heap before
{Heap before GC invocations=48 (full 0):
 garbage-first heap   total 450560K, used 381271K [0x0000000080000000, 0x0000000100000000)
  region size 1024K, 227 young (232448K), 16 survivors (16384K)
 Metaspace       used 105965K, capacity 108683K, committed 108884K, reserved 1142784K
  class space    used 13596K, capacity 14611K, committed 14676K, reserved 1048576K
}
Event: 34.088 GC heap after
{Heap after GC invocations=49 (full 0):
 garbage-first heap   total 450560K, used 167161K [0x0000000080000000, 0x0000000100000000)
  region size 1024K, 16 young (16384K), 16 survivors (16384K)
 Metaspace       used 105965K, capacity 108683K, committed 108884K, reserved 1142784K
  class space    used 13596K, capacity 14611K, committed 14676K, reserved 1048576K
}
Event: 34.477 GC heap before
{Heap before GC invocations=49 (full 0):
 garbage-first heap   total 450560K, used 382201K [0x0000000080000000, 0x0000000100000000)
  region size 1024K, 227 young (232448K), 16 survivors (16384K)
 Metaspace       used 105983K, capacity 108684K, committed 108884K, reserved 1142784K
  class space    used 13596K, capacity 14611K, committed 14676K, reserved 1048576K
}
Event: 34.499 GC heap after
{Heap after GC invocations=50 (full 0):
 garbage-first heap   total 450560K, used 168556K [0x0000000080000000, 0x0000000100000000)
  region size 1024K, 17 young (17408K), 17 survivors (17408K)
 Metaspace       used 105983K, capacity 108684K, committed 108884K, reserved 1142784K
  class space    used 13596K, capacity 14611K, committed 14676K, reserved 1048576K
}
Event: 34.870 GC heap before
{Heap before GC invocations=50 (full 0):
 garbage-first heap   total 450560K, used 385644K [0x0000000080000000, 0x0000000100000000)
  region size 1024K, 229 young (234496K), 17 survivors (17408K)
 Metaspace       used 106001K, capacity 108684K, committed 108884K, reserved 1142784K
  class space    used 13596K, capacity 14611K, committed 14676K, reserved 1048576K
}
Event: 34.895 GC heap after
{Heap after GC invocations=51 (full 0):
 garbage-first heap   total 520192K, used 172230K [0x0000000080000000, 0x0000000100000000)
  region size 1024K, 19 young (19456K), 19 survivors (19456K)
 Metaspace       used 106001K, capacity 108684K, committed 108884K, reserved 1142784K
  class space    used 13596K, capacity 14611K, committed 14676K, reserved 1048576K
}
Event: 35.445 GC heap before
{Heap before GC invocations=51 (full 0):
 garbage-first heap   total 520192K, used 414918K [0x0000000080000000, 0x0000000100000000)
  region size 1024K, 257 young (263168K), 19 survivors (19456K)
 Metaspace       used 106031K, capacity 108758K, committed 108884K, reserved 1142784K
  class space    used 13597K, capacity 14612K, committed 14676K, reserved 1048576K
}
Event: 35.469 GC heap after
{Heap after GC invocations=52 (full 0):
 garbage-first heap   total 520192K, used 173543K [0x0000000080000000, 0x0000000100000000)
  region size 1024K, 19 young (19456K), 19 survivors (19456K)
 Metaspace       used 106031K, capacity 108758K, committed 108884K, reserved 1142784K
  class space    used 13597K, capacity 14612K, committed 14676K, reserved 1048576K
}
Event: 35.943 GC heap before
{Heap before GC invocations=52 (full 0):
 garbage-first heap   total 520192K, used 447975K [0x0000000080000000, 0x0000000100000000)
  region size 1024K, 287 young (293888K), 19 survivors (19456K)
 Metaspace       used 106073K, capacity 108771K, committed 108884K, reserved 1142784K
  class space    used 13597K, capacity 14612K, committed 14676K, reserved 1048576K
}
Event: 35.971 GC heap after
{Heap after GC invocations=53 (full 0):
 garbage-first heap   total 520192K, used 177218K [0x0000000080000000, 0x0000000100000000)
  region size 1024K, 23 young (23552K), 23 survivors (23552K)
 Metaspace       used 106073K, capacity 108771K, committed 108884K, reserved 1142784K
  class space    used 13597K, capacity 14612K, committed 14676K, reserved 1048576K
}
Event: 36.503 GC heap before
{Heap before GC invocations=53 (full 0):
 garbage-first heap   total 520192K, used 444482K [0x0000000080000000, 0x0000000100000000)
  region size 1024K, 283 young (289792K), 23 survivors (23552K)
 Metaspace       used 106223K, capacity 108974K, committed 109140K, reserved 1144832K
  class space    used 13604K, capacity 14625K, committed 14676K, reserved 1048576K
}
Event: 36.533 GC heap after
{Heap after GC invocations=54 (full 0):
 garbage-first heap   total 520192K, used 179850K [0x0000000080000000, 0x0000000100000000)
  region size 1024K, 22 young (22528K), 22 survivors (22528K)
 Metaspace       used 106223K, capacity 108974K, committed 109140K, reserved 1144832K
  class space    used 13604K, capacity 14625K, committed 14676K, reserved 1048576K
}
Event: 37.062 GC heap before
{Heap before GC invocations=54 (full 0):
 garbage-first heap   total 520192K, used 444042K [0x0000000080000000, 0x0000000100000000)
  region size 1024K, 280 young (286720K), 22 survivors (22528K)
 Metaspace       used 106255K, capacity 108978K, committed 109140K, reserved 1144832K
  class space    used 13604K, capacity 14625K, committed 14676K, reserved 1048576K
}

